2024-09-04 10:59:04 DEBUG UpdateProducerImpl:20 - 
2024-09-04 11:03:29 DEBUG UpdateProducerImpl:20 - 
2024-09-04 14:01:58 DEBUG UpdateProducerImpl:20 - 
2024-09-09 09:21:10 DEBUG UpdateProducerImpl:20 - ggghbdttnn
2024-09-09 09:21:17 DEBUG UpdateProducerImpl:20 - /help
2024-09-09 09:21:22 DEBUG UpdateProducerImpl:20 - /cancel
2024-09-09 11:32:11 DEBUG UpdateProducerImpl:20 - 
2024-09-16 13:51:17 DEBUG UpdateProducerImpl:20 - 
2024-09-22 08:06:24 DEBUG UpdateProducerImpl:20 - test
2024-09-22 21:43:44 DEBUG UpdateProducerImpl:20 - 
2024-09-22 21:44:58 DEBUG UpdateProducerImpl:20 - 
2024-09-23 11:58:02 DEBUG UpdateProducerImpl:20 - 
2024-09-23 12:00:50 DEBUG UpdateProducerImpl:20 - 
2024-09-27 20:03:00 DEBUG UpdateProducerImpl:20 - 
2024-09-28 11:12:21 DEBUG UpdateProducerImpl:20 - 
2024-09-28 11:14:10 DEBUG UpdateProducerImpl:20 - /help
2024-09-28 11:14:59 DEBUG UpdateProducerImpl:20 - /registration
2024-09-28 11:15:07 DEBUG UpdateProducerImpl:20 - qeqweweq
2024-09-28 11:16:13 DEBUG UpdateProducerImpl:20 - /cancel
2024-09-28 11:17:13 DEBUG UpdateProducerImpl:20 - /registration
2024-09-28 11:17:18 DEBUG UpdateProducerImpl:20 - pvntest@yandex.ru
2024-09-28 11:18:18 DEBUG UpdateProducerImpl:20 - /help
2024-09-28 11:18:26 DEBUG UpdateProducerImpl:20 - /cancel
2024-09-28 11:18:32 DEBUG UpdateProducerImpl:20 - /help
2024-09-28 11:18:38 DEBUG UpdateProducerImpl:20 - /help
2024-09-28 11:18:43 DEBUG UpdateProducerImpl:20 - /registration
2024-09-28 11:18:45 DEBUG UpdateProducerImpl:20 - /registration
2024-09-28 11:20:59 DEBUG UpdateProducerImpl:20 - /registration
2024-09-28 11:22:25 DEBUG UpdateProducerImpl:20 - 
2024-09-28 19:50:57 DEBUG UpdateProducerImpl:20 - 
2024-09-28 19:51:14 DEBUG UpdateProducerImpl:20 - /help
2024-09-28 19:51:16 DEBUG UpdateProducerImpl:20 - /registration
2024-09-28 19:51:54 DEBUG UpdateProducerImpl:20 - pvntest@yandex.ru
2024-09-28 19:52:34 DEBUG UpdateProducerImpl:20 - 
